<?xml version="1.0" encoding="UTF-8"?>
<testng-results ignored="0" total="1" passed="1" failed="0" skipped="0">
  <reporter-output>
  </reporter-output>
  <suite started-at="2024-09-19T18:25:28 IST" name="Default suite" finished-at="2024-09-19T18:25:45 IST" duration-ms="16925">
    <groups>
    </groups>
    <test started-at="2024-09-19T18:25:28 IST" name="Default test" finished-at="2024-09-19T18:25:45 IST" duration-ms="16925">
      <class name="utility.TestBase">
        <test-method is-config="true" signature="prerequisites()[pri:0, instance:utility.TestBase@2805d709]" started-at="2024-09-19T18:25:28 IST" name="prerequisites" finished-at="2024-09-19T18:25:28 IST" duration-ms="6" status="PASS">
          <reporter-output>
          </reporter-output>
        </test-method> <!-- prerequisites -->
        <test-method signature="setUp()[pri:0, instance:utility.TestBase@2805d709]" started-at="2024-09-19T18:25:28 IST" name="setUp" finished-at="2024-09-19T18:25:45 IST" duration-ms="16738" status="PASS">
          <reporter-output>
          </reporter-output>
        </test-method> <!-- setUp -->
        <test-method is-config="true" signature="tearDown()[pri:0, instance:utility.TestBase@2805d709]" started-at="2024-09-19T18:25:45 IST" name="tearDown" finished-at="2024-09-19T18:25:45 IST" duration-ms="154" status="PASS">
          <reporter-output>
          </reporter-output>
        </test-method> <!-- tearDown -->
        <test-method is-config="true" signature="postTasks()[pri:0, instance:utility.TestBase@2805d709]" started-at="2024-09-19T18:25:45 IST" name="postTasks" finished-at="2024-09-19T18:25:45 IST" duration-ms="0" status="PASS">
          <reporter-output>
          </reporter-output>
        </test-method> <!-- postTasks -->
      </class> <!-- utility.TestBase -->
    </test> <!-- Default test -->
  </suite> <!-- Default suite -->
</testng-results>
