<?xml version="1.0" encoding="UTF-8"?>
<!-- Generated by org.testng.reporters.JUnitXMLReporter -->
<testsuite ignored="0" hostname="Chiku" failures="0" tests="3" name="Test3" time="8.293" errors="0" timestamp="2024-09-12T21:33:58 IST">
  <testcase classname="testCases.ChromeTest" name="testTitle" time="0.011"/>
  <testcase classname="testCases.ChromeTest" name="clickOffers" time="2.202"/>
  <testcase classname="testCases.ChromeTest" name="clickOrders" time="2.498"/>
</testsuite> <!-- Test3 -->
