<?xml version="1.0" encoding="UTF-8"?>
<!-- Generated by org.testng.reporters.JUnitXMLReporter -->
<testsuite ignored="0" hostname="Chiku" failures="0" tests="3" name="Test2" time="14.017" errors="0" timestamp="2024-09-12T21:33:53 IST">
  <testcase classname="testCases.FirefoxTest" name="testTitle" time="0.013"/>
  <testcase classname="testCases.FirefoxTest" name="clickOffers" time="3.295"/>
  <testcase classname="testCases.FirefoxTest" name="clickOrders" time="2.616"/>
</testsuite> <!-- Test2 -->
