<?xml version="1.0" encoding="UTF-8"?>
<!-- Generated by org.testng.reporters.JUnitXMLReporter -->
<testsuite ignored="0" hostname="Chiku" failures="0" tests="3" name="Test" time="10.889" errors="0" timestamp="2024-09-12T21:33:50 IST">
  <testcase classname="testCases.ChromeTest" name="testTitle" time="0.026"/>
  <testcase classname="testCases.ChromeTest" name="clickOffers" time="2.149"/>
  <testcase classname="testCases.ChromeTest" name="clickOrders" time="2.419"/>
</testsuite> <!-- Test -->
