<?xml version="1.0" encoding="UTF-8"?>
<!-- Generated by org.testng.reporters.JUnitXMLReporter -->
<testsuite ignored="0" hostname="Chiku" failures="0" tests="3" name="Test4" time="11.731" errors="0" timestamp="2024-09-12T21:34:05 IST">
  <testcase classname="testCases.FirefoxTest" name="testTitle" time="0.02"/>
  <testcase classname="testCases.FirefoxTest" name="clickOffers" time="3.387"/>
  <testcase classname="testCases.FirefoxTest" name="clickOrders" time="2.515"/>
</testsuite> <!-- Test4 -->
